[2026-05-19 03:45:43] local.ERROR: SQLSTATE[42000]: Syntax error or access violation: 1701 Cannot truncate a table referenced in a foreign key constraint (`bookready_central`.`domains`, CONSTRAINT `domains_tenant_id_foreign`) (Connection: mysql, SQL: truncate table `tenants`) {"exception":"[object] (Illuminate\\Database\\QueryException(code: 42000): SQLSTATE[42000]: Syntax error or access violation: 1701 Cannot truncate a table referenced in a foreign key constraint (`bookready_central`.`domains`, CONSTRAINT `domains_tenant_id_foreign`) (Connection: mysql, SQL: truncate table `tenants`) at C:/Users/carre/bookready/api/vendor/laravel/framework/src/Illuminate/Database/Connection.php:825)
[stacktrace]
#0 C:/Users/carre/bookready/api/vendor/laravel/framework/src/Illuminate/Database/Connection.php(779): Illuminate/Database/Connection->runQueryCallback()
#1 C:/Users/carre/bookready/api/vendor/laravel/framework/src/Illuminate/Database/Connection.php(560): Illuminate/Database/Connection->run()
#2 C:/Users/carre/bookready/api/vendor/laravel/framework/src/Illuminate/Database/Query/Builder.php(4041): Illuminate/Database/Connection->statement()
#3 C:/Users/carre/bookready/api/cleanup.php(15): Illuminate/Database/Query/Builder->truncate()
#4 {main}

[previous exception] [object] (PDOException(code: 42000): SQLSTATE[42000]: Syntax error or access violation: 1701 Cannot truncate a table referenced in a foreign key constraint (`bookready_central`.`domains`, CONSTRAINT `domains_tenant_id_foreign`) at C:/Users/carre/bookready/api/vendor/laravel/framework/src/Illuminate/Database/Connection.php:571)
[stacktrace]
#0 C:/Users/carre/bookready/api/vendor/laravel/framework/src/Illuminate/Database/Connection.php(571): PDOStatement->execute()
#1 C:/Users/carre/bookready/api/vendor/laravel/framework/src/Illuminate/Database/Connection.php(812): Illuminate/Database/Connection->{closure:Illuminate/Database/Connection::statement():560}()
#2 C:/Users/carre/bookready/api/vendor/laravel/framework/src/Illuminate/Database/Connection.php(779): Illuminate/Database/Connection->runQueryCallback()
#3 C:/Users/carre/bookready/api/vendor/laravel/framework/src/Illuminate/Database/Connection.php(560): Illuminate/Database/Connection->run()
#4 C:/Users/carre/bookready/api/vendor/laravel/framework/src/Illuminate/Database/Query/Builder.php(4041): Illuminate/Database/Connection->statement()
#5 C:/Users/carre/bookready/api/cleanup.php(15): Illuminate/Database/Query/Builder->truncate()
#6 {main}
"} 
[2026-05-19 03:46:26] local.ERROR: SQLSTATE[23000]: Integrity constraint violation: 1062 Duplicate entry '0' for key 'hours.hours_day_of_week_unique' (Connection: mysql, SQL: insert into `hours` (`close_time`, `created_at`, `day_of_week`, `is_closed`, `open_time`, `updated_at`) values (?, 2026-05-19 03:46:26, 0, 1, ?, 2026-05-19 03:46:26), (18:00:00, 2026-05-19 03:46:26, 1, 0, 09:00:00, 2026-05-19 03:46:26), (18:00:00, 2026-05-19 03:46:26, 2, 0, 09:00:00, 2026-05-19 03:46:26), (18:00:00, 2026-05-19 03:46:26, 3, 0, 09:00:00, 2026-05-19 03:46:26), (18:00:00, 2026-05-19 03:46:26, 4, 0, 09:00:00, 2026-05-19 03:46:26), (18:00:00, 2026-05-19 03:46:26, 5, 0, 09:00:00, 2026-05-19 03:46:26), (?, 2026-05-19 03:46:26, 6, 1, ?, 2026-05-19 03:46:26)) {"exception":"[object] (Illuminate\\Database\\UniqueConstraintViolationException(code: 23000): SQLSTATE[23000]: Integrity constraint violation: 1062 Duplicate entry '0' for key 'hours.hours_day_of_week_unique' (Connection: mysql, SQL: insert into `hours` (`close_time`, `created_at`, `day_of_week`, `is_closed`, `open_time`, `updated_at`) values (?, 2026-05-19 03:46:26, 0, 1, ?, 2026-05-19 03:46:26), (18:00:00, 2026-05-19 03:46:26, 1, 0, 09:00:00, 2026-05-19 03:46:26), (18:00:00, 2026-05-19 03:46:26, 2, 0, 09:00:00, 2026-05-19 03:46:26), (18:00:00, 2026-05-19 03:46:26, 3, 0, 09:00:00, 2026-05-19 03:46:26), (18:00:00, 2026-05-19 03:46:26, 4, 0, 09:00:00, 2026-05-19 03:46:26), (18:00:00, 2026-05-19 03:46:26, 5, 0, 09:00:00, 2026-05-19 03:46:26), (?, 2026-05-19 03:46:26, 6, 1, ?, 2026-05-19 03:46:26)) at C:/Users/carre/bookready/api/vendor/laravel/framework/src/Illuminate/Database/Connection.php:820)
[stacktrace]
#0 C:/Users/carre/bookready/api/vendor/laravel/framework/src/Illuminate/Database/Connection.php(779): Illuminate/Database/Connection->runQueryCallback()
#1 C:/Users/carre/bookready/api/vendor/laravel/framework/src/Illuminate/Database/MySqlConnection.php(42): Illuminate/Database/Connection->run()
#2 C:/Users/carre/bookready/api/vendor/laravel/framework/src/Illuminate/Database/Query/Builder.php(3717): Illuminate/Database/MySqlConnection->insert()
#3 C:/Users/carre/bookready/api/app/Services/TenantProvisioningService.php(89): Illuminate/Database/Query/Builder->insert()
#4 C:/Users/carre/bookready/api/app/Services/TenantProvisioningService.php(56): App/Services/TenantProvisioningService->seedDefaults()
#5 C:/Users/carre/bookready/api/app/Http/Controllers/Api/Auth/RegisterController.php(26): App/Services/TenantProvisioningService->provision()
#6 C:/Users/carre/bookready/api/vendor/laravel/framework/src/Illuminate/Routing/ControllerDispatcher.php(47): App/Http/Controllers/Api/Auth/RegisterController->store()
#7 C:/Users/carre/bookready/api/vendor/laravel/framework/src/Illuminate/Routing/Route.php(266): Illuminate/Routing/ControllerDispatcher->dispatch()
#8 C:/Users/carre/bookready/api/vendor/laravel/framework/src/Illuminate/Routing/Route.php(212): Illuminate/Routing/Route->runController()
#9 C:/Users/carre/bookready/api/vendor/laravel/framework/src/Illuminate/Routing/Router.php(808): Illuminate/Routing/Route->run()
#10 C:/Users/carre/bookready/api/vendor/laravel/framework/src/Illuminate/Pipeline/Pipeline.php(170): Illuminate/Routing/Router->{closure:Illuminate/Routing/Router::runRouteWithinStack():807}()
#11 C:/Users/carre/bookready/api/vendor/laravel/framework/src/Illuminate/Routing/Middleware/SubstituteBindings.php(51): Illuminate/Pipeline/Pipeline->{closure:Illuminate/Pipeline/Pipeline::prepareDestination():168}()
#12 C:/Users/carre/bookready/api/vendor/laravel/framework/src/Illuminate/Pipeline/Pipeline.php(209): Illuminate/Routing/Middleware/SubstituteBindings->handle()
#13 C:/Users/carre/bookready/api/vendor/laravel/framework/src/Illuminate/Pipeline/Pipeline.php(127): Illuminate/Pipeline/Pipeline->{closure:{closure:Illuminate/Pipeline/Pipeline::carry():184}:185}()
#14 C:/Users/carre/bookready/api/vendor/laravel/framework/src/Illuminate/Routing/Router.php(807): Illuminate/Pipeline/Pipeline->then()
#15 C:/Users/carre/bookready/api/vendor/laravel/framework/src/Illuminate/Routing/Router.php(786): Illuminate/Routing/Router->runRouteWithinStack()
#16 C:/Users/carre/bookready/api/vendor/laravel/framework/src/Illuminate/Routing/Router.php(750): Illuminate/Routing/Router->runRoute()
#17 C:/Users/carre/bookready/api/vendor/laravel/framework/src/Illuminate/Routing/Router.php(739): Illuminate/Routing/Router->dispatchToRoute()
#18 C:/Users/carre/bookready/api/vendor/laravel/framework/src/Illuminate/Foundation/Http/Kernel.php(201): Illuminate/Routing/Router->dispatch()
#19 C:/Users/carre/bookready/api/vendor/laravel/framework/src/Illuminate/Pipeline/Pipeline.php(170): Illuminate/Foundation/Http/Kernel->{closure:Illuminate/Foundation/Http/Kernel::dispatchToRouter():198}()
#20 C:/Users/carre/bookready/api/vendor/laravel/framework/src/Illuminate/Foundation/Http/Middleware/TransformsRequest.php(21): Illuminate/Pipeline/Pipeline->{closure:Illuminate/Pipeline/Pipeline::prepareDestination():168}()
#21 C:/Users/carre/bookready/api/vendor/laravel/framework/src/Illuminate/Foundation/Http/Middleware/ConvertEmptyStringsToNull.php(31): Illuminate/Foundation/Http/Middleware/TransformsRequest->handle()
#22 C:/Users/carre/bookready/api/vendor/laravel/framework/src/Illuminate/Pipeline/Pipeline.php(209): Illuminate/Foundation/Http/Middleware/ConvertEmptyStringsToNull->handle()
#23 C:/Users/carre/bookready/api/vendor/laravel/framework/src/Illuminate/Foundation/Http/Middleware/TransformsRequest.php(21): Illuminate/Pipeline/Pipeline->{closure:{closure:Illuminate/Pipeline/Pipeline::carry():184}:185}()
#24 C:/Users/carre/bookready/api/vendor/laravel/framework/src/Illuminate/Foundation/Http/Middleware/TrimStrings.php(51): Illuminate/Foundation/Http/Middleware/TransformsRequest->handle()
#25 C:/Users/carre/bookready/api/vendor/laravel/framework/src/Illuminate/Pipeline/Pipeline.php(209): Illuminate/Foundation/Http/Middleware/TrimStrings->handle()
#26 C:/Users/carre/bookready/api/vendor/laravel/framework/src/Illuminate/Http/Middleware/ValidatePostSize.php(27): Illuminate/Pipeline/Pipeline->{closure:{closure:Illuminate/Pipeline/Pipeline::carry():184}:185}()
#27 C:/Users/carre/bookready/api/vendor/laravel/framework/src/Illuminate/Pipeline/Pipeline.php(209): Illuminate/Http/Middleware/ValidatePostSize->handle()
#28 C:/Users/carre/bookready/api/vendor/laravel/framework/src/Illuminate/Foundation/Http/Middleware/PreventRequestsDuringMaintenance.php(110): Illuminate/Pipeline/Pipeline->{closure:{closure:Illuminate/Pipeline/Pipeline::carry():184}:185}()
#29 C:/Users/carre/bookready/api/vendor/laravel/framework/src/Illuminate/Pipeline/Pipeline.php(209): Illuminate/Foundation/Http/Middleware/PreventRequestsDuringMaintenance->handle()
#30 C:/Users/carre/bookready/api/vendor/laravel/framework/src/Illuminate/Http/Middleware/HandleCors.php(62): Illuminate/Pipeline/Pipeline->{closure:{closure:Illuminate/Pipeline/Pipeline::carry():184}:185}()
#31 C:/Users/carre/bookready/api/vendor/laravel/framework/src/Illuminate/Pipeline/Pipeline.php(209): Illuminate/Http/Middleware/HandleCors->handle()
#32 C:/Users/carre/bookready/api/vendor/laravel/framework/src/Illuminate/Http/Middleware/TrustProxies.php(58): Illuminate/Pipeline/Pipeline->{closure:{closure:Illuminate/Pipeline/Pipeline::carry():184}:185}()
#33 C:/Users/carre/bookready/api/vendor/laravel/framework/src/Illuminate/Pipeline/Pipeline.php(209): Illuminate/Http/Middleware/TrustProxies->handle()
#34 C:/Users/carre/bookready/api/vendor/laravel/framework/src/Illuminate/Foundation/Http/Middleware/InvokeDeferredCallbacks.php(22): Illuminate/Pipeline/Pipeline->{closure:{closure:Illuminate/Pipeline/Pipeline::carry():184}:185}()
#35 C:/Users/carre/bookready/api/vendor/laravel/framework/src/Illuminate/Pipeline/Pipeline.php(209): Illuminate/Foundation/Http/Middleware/InvokeDeferredCallbacks->handle()
#36 C:/Users/carre/bookready/api/vendor/laravel/framework/src/Illuminate/Pipeline/Pipeline.php(127): Illuminate/Pipeline/Pipeline->{closure:{closure:Illuminate/Pipeline/Pipeline::carry():184}:185}()
#37 C:/Users/carre/bookready/api/vendor/laravel/framework/src/Illuminate/Foundation/Http/Kernel.php(176): Illuminate/Pipeline/Pipeline->then()
#38 C:/Users/carre/bookready/api/vendor/laravel/framework/src/Illuminate/Foundation/Http/Kernel.php(145): Illuminate/Foundation/Http/Kernel->sendRequestThroughRouter()
#39 C:/Users/carre/bookready/api/vendor/laravel/framework/src/Illuminate/Foundation/Application.php(1220): Illuminate/Foundation/Http/Kernel->handle()
#40 C:/Users/carre/bookready/api/public/index.php(17): Illuminate/Foundation/Application->handleRequest()
#41 C:/Users/carre/bookready/api/server.php(13): require_once('...')
#42 {main}

[previous exception] [object] (PDOException(code: 23000): SQLSTATE[23000]: Integrity constraint violation: 1062 Duplicate entry '0' for key 'hours.hours_day_of_week_unique' at C:/Users/carre/bookready/api/vendor/laravel/framework/src/Illuminate/Database/MySqlConnection.php:53)
[stacktrace]
#0 C:/Users/carre/bookready/api/vendor/laravel/framework/src/Illuminate/Database/MySqlConnection.php(53): PDOStatement->execute()
#1 C:/Users/carre/bookready/api/vendor/laravel/framework/src/Illuminate/Database/Connection.php(812): Illuminate/Database/MySqlConnection->{closure:Illuminate/Database/MySqlConnection::insert():42}()
#2 C:/Users/carre/bookready/api/vendor/laravel/framework/src/Illuminate/Database/Connection.php(779): Illuminate/Database/Connection->runQueryCallback()
#3 C:/Users/carre/bookready/api/vendor/laravel/framework/src/Illuminate/Database/MySqlConnection.php(42): Illuminate/Database/Connection->run()
#4 C:/Users/carre/bookready/api/vendor/laravel/framework/src/Illuminate/Database/Query/Builder.php(3717): Illuminate/Database/MySqlConnection->insert()
#5 C:/Users/carre/bookready/api/app/Services/TenantProvisioningService.php(89): Illuminate/Database/Query/Builder->insert()
#6 C:/Users/carre/bookready/api/app/Services/TenantProvisioningService.php(56): App/Services/TenantProvisioningService->seedDefaults()
#7 C:/Users/carre/bookready/api/app/Http/Controllers/Api/Auth/RegisterController.php(26): App/Services/TenantProvisioningService->provision()
#8 C:/Users/carre/bookready/api/vendor/laravel/framework/src/Illuminate/Routing/ControllerDispatcher.php(47): App/Http/Controllers/Api/Auth/RegisterController->store()
#9 C:/Users/carre/bookready/api/vendor/laravel/framework/src/Illuminate/Routing/Route.php(266): Illuminate/Routing/ControllerDispatcher->dispatch()
#10 C:/Users/carre/bookready/api/vendor/laravel/framework/src/Illuminate/Routing/Route.php(212): Illuminate/Routing/Route->runController()
#11 C:/Users/carre/bookready/api/vendor/laravel/framework/src/Illuminate/Routing/Router.php(808): Illuminate/Routing/Route->run()
#12 C:/Users/carre/bookready/api/vendor/laravel/framework/src/Illuminate/Pipeline/Pipeline.php(170): Illuminate/Routing/Router->{closure:Illuminate/Routing/Router::runRouteWithinStack():807}()
#13 C:/Users/carre/bookready/api/vendor/laravel/framework/src/Illuminate/Routing/Middleware/SubstituteBindings.php(51): Illuminate/Pipeline/Pipeline->{closure:Illuminate/Pipeline/Pipeline::prepareDestination():168}()
#14 C:/Users/carre/bookready/api/vendor/laravel/framework/src/Illuminate/Pipeline/Pipeline.php(209): Illuminate/Routing/Middleware/SubstituteBindings->handle()
#15 C:/Users/carre/bookready/api/vendor/laravel/framework/src/Illuminate/Pipeline/Pipeline.php(127): Illuminate/Pipeline/Pipeline->{closure:{closure:Illuminate/Pipeline/Pipeline::carry():184}:185}()
#16 C:/Users/carre/bookready/api/vendor/laravel/framework/src/Illuminate/Routing/Router.php(807): Illuminate/Pipeline/Pipeline->then()
#17 C:/Users/carre/bookready/api/vendor/laravel/framework/src/Illuminate/Routing/Router.php(786): Illuminate/Routing/Router->runRouteWithinStack()
#18 C:/Users/carre/bookready/api/vendor/laravel/framework/src/Illuminate/Routing/Router.php(750): Illuminate/Routing/Router->runRoute()
#19 C:/Users/carre/bookready/api/vendor/laravel/framework/src/Illuminate/Routing/Router.php(739): Illuminate/Routing/Router->dispatchToRoute()
#20 C:/Users/carre/bookready/api/vendor/laravel/framework/src/Illuminate/Foundation/Http/Kernel.php(201): Illuminate/Routing/Router->dispatch()
#21 C:/Users/carre/bookready/api/vendor/laravel/framework/src/Illuminate/Pipeline/Pipeline.php(170): Illuminate/Foundation/Http/Kernel->{closure:Illuminate/Foundation/Http/Kernel::dispatchToRouter():198}()
#22 C:/Users/carre/bookready/api/vendor/laravel/framework/src/Illuminate/Foundation/Http/Middleware/TransformsRequest.php(21): Illuminate/Pipeline/Pipeline->{closure:Illuminate/Pipeline/Pipeline::prepareDestination():168}()
#23 C:/Users/carre/bookready/api/vendor/laravel/framework/src/Illuminate/Foundation/Http/Middleware/ConvertEmptyStringsToNull.php(31): Illuminate/Foundation/Http/Middleware/TransformsRequest->handle()
#24 C:/Users/carre/bookready/api/vendor/laravel/framework/src/Illuminate/Pipeline/Pipeline.php(209): Illuminate/Foundation/Http/Middleware/ConvertEmptyStringsToNull->handle()
#25 C:/Users/carre/bookready/api/vendor/laravel/framework/src/Illuminate/Foundation/Http/Middleware/TransformsRequest.php(21): Illuminate/Pipeline/Pipeline->{closure:{closure:Illuminate/Pipeline/Pipeline::carry():184}:185}()
#26 C:/Users/carre/bookready/api/vendor/laravel/framework/src/Illuminate/Foundation/Http/Middleware/TrimStrings.php(51): Illuminate/Foundation/Http/Middleware/TransformsRequest->handle()
#27 C:/Users/carre/bookready/api/vendor/laravel/framework/src/Illuminate/Pipeline/Pipeline.php(209): Illuminate/Foundation/Http/Middleware/TrimStrings->handle()
#28 C:/Users/carre/bookready/api/vendor/laravel/framework/src/Illuminate/Http/Middleware/ValidatePostSize.php(27): Illuminate/Pipeline/Pipeline->{closure:{closure:Illuminate/Pipeline/Pipeline::carry():184}:185}()
#29 C:/Users/carre/bookready/api/vendor/laravel/framework/src/Illuminate/Pipeline/Pipeline.php(209): Illuminate/Http/Middleware/ValidatePostSize->handle()
#30 C:/Users/carre/bookready/api/vendor/laravel/framework/src/Illuminate/Foundation/Http/Middleware/PreventRequestsDuringMaintenance.php(110): Illuminate/Pipeline/Pipeline->{closure:{closure:Illuminate/Pipeline/Pipeline::carry():184}:185}()
#31 C:/Users/carre/bookready/api/vendor/laravel/framework/src/Illuminate/Pipeline/Pipeline.php(209): Illuminate/Foundation/Http/Middleware/PreventRequestsDuringMaintenance->handle()
#32 C:/Users/carre/bookready/api/vendor/laravel/framework/src/Illuminate/Http/Middleware/HandleCors.php(62): Illuminate/Pipeline/Pipeline->{closure:{closure:Illuminate/Pipeline/Pipeline::carry():184}:185}()
#33 C:/Users/carre/bookready/api/vendor/laravel/framework/src/Illuminate/Pipeline/Pipeline.php(209): Illuminate/Http/Middleware/HandleCors->handle()
#34 C:/Users/carre/bookready/api/vendor/laravel/framework/src/Illuminate/Http/Middleware/TrustProxies.php(58): Illuminate/Pipeline/Pipeline->{closure:{closure:Illuminate/Pipeline/Pipeline::carry():184}:185}()
#35 C:/Users/carre/bookready/api/vendor/laravel/framework/src/Illuminate/Pipeline/Pipeline.php(209): Illuminate/Http/Middleware/TrustProxies->handle()
#36 C:/Users/carre/bookready/api/vendor/laravel/framework/src/Illuminate/Foundation/Http/Middleware/InvokeDeferredCallbacks.php(22): Illuminate/Pipeline/Pipeline->{closure:{closure:Illuminate/Pipeline/Pipeline::carry():184}:185}()
#37 C:/Users/carre/bookready/api/vendor/laravel/framework/src/Illuminate/Pipeline/Pipeline.php(209): Illuminate/Foundation/Http/Middleware/InvokeDeferredCallbacks->handle()
#38 C:/Users/carre/bookready/api/vendor/laravel/framework/src/Illuminate/Pipeline/Pipeline.php(127): Illuminate/Pipeline/Pipeline->{closure:{closure:Illuminate/Pipeline/Pipeline::carry():184}:185}()
#39 C:/Users/carre/bookready/api/vendor/laravel/framework/src/Illuminate/Foundation/Http/Kernel.php(176): Illuminate/Pipeline/Pipeline->then()
#40 C:/Users/carre/bookready/api/vendor/laravel/framework/src/Illuminate/Foundation/Http/Kernel.php(145): Illuminate/Foundation/Http/Kernel->sendRequestThroughRouter()
#41 C:/Users/carre/bookready/api/vendor/laravel/framework/src/Illuminate/Foundation/Application.php(1220): Illuminate/Foundation/Http/Kernel->handle()
#42 C:/Users/carre/bookready/api/public/index.php(17): Illuminate/Foundation/Application->handleRequest()
#43 C:/Users/carre/bookready/api/server.php(13): require_once('...')
#44 {main}
"} 
[2026-05-19 03:49:03] local.ERROR: SQLSTATE[23000]: Integrity constraint violation: 1062 Duplicate entry '0' for key 'hours.hours_day_of_week_unique' (Connection: mysql, SQL: insert into `hours` (`close_time`, `created_at`, `day_of_week`, `is_closed`, `open_time`, `updated_at`) values (?, 2026-05-19 03:49:03, 0, 1, ?, 2026-05-19 03:49:03), (18:00:00, 2026-05-19 03:49:03, 1, 0, 09:00:00, 2026-05-19 03:49:03), (18:00:00, 2026-05-19 03:49:03, 2, 0, 09:00:00, 2026-05-19 03:49:03), (18:00:00, 2026-05-19 03:49:03, 3, 0, 09:00:00, 2026-05-19 03:49:03), (18:00:00, 2026-05-19 03:49:03, 4, 0, 09:00:00, 2026-05-19 03:49:03), (18:00:00, 2026-05-19 03:49:03, 5, 0, 09:00:00, 2026-05-19 03:49:03), (?, 2026-05-19 03:49:03, 6, 1, ?, 2026-05-19 03:49:03)) {"exception":"[object] (Illuminate\\Database\\UniqueConstraintViolationException(code: 23000): SQLSTATE[23000]: Integrity constraint violation: 1062 Duplicate entry '0' for key 'hours.hours_day_of_week_unique' (Connection: mysql, SQL: insert into `hours` (`close_time`, `created_at`, `day_of_week`, `is_closed`, `open_time`, `updated_at`) values (?, 2026-05-19 03:49:03, 0, 1, ?, 2026-05-19 03:49:03), (18:00:00, 2026-05-19 03:49:03, 1, 0, 09:00:00, 2026-05-19 03:49:03), (18:00:00, 2026-05-19 03:49:03, 2, 0, 09:00:00, 2026-05-19 03:49:03), (18:00:00, 2026-05-19 03:49:03, 3, 0, 09:00:00, 2026-05-19 03:49:03), (18:00:00, 2026-05-19 03:49:03, 4, 0, 09:00:00, 2026-05-19 03:49:03), (18:00:00, 2026-05-19 03:49:03, 5, 0, 09:00:00, 2026-05-19 03:49:03), (?, 2026-05-19 03:49:03, 6, 1, ?, 2026-05-19 03:49:03)) at C:/Users/carre/bookready/api/vendor/laravel/framework/src/Illuminate/Database/Connection.php:820)
[stacktrace]
#0 C:/Users/carre/bookready/api/vendor/laravel/framework/src/Illuminate/Database/Connection.php(779): Illuminate/Database/Connection->runQueryCallback()
#1 C:/Users/carre/bookready/api/vendor/laravel/framework/src/Illuminate/Database/MySqlConnection.php(42): Illuminate/Database/Connection->run()
#2 C:/Users/carre/bookready/api/vendor/laravel/framework/src/Illuminate/Database/Query/Builder.php(3717): Illuminate/Database/MySqlConnection->insert()
#3 C:/Users/carre/bookready/api/app/Services/TenantProvisioningService.php(89): Illuminate/Database/Query/Builder->insert()
#4 C:/Users/carre/bookready/api/app/Services/TenantProvisioningService.php(56): App/Services/TenantProvisioningService->seedDefaults()
#5 C:/Users/carre/bookready/api/app/Http/Controllers/Api/Auth/RegisterController.php(26): App/Services/TenantProvisioningService->provision()
#6 C:/Users/carre/bookready/api/vendor/laravel/framework/src/Illuminate/Routing/ControllerDispatcher.php(47): App/Http/Controllers/Api/Auth/RegisterController->store()
#7 C:/Users/carre/bookready/api/vendor/laravel/framework/src/Illuminate/Routing/Route.php(266): Illuminate/Routing/ControllerDispatcher->dispatch()
#8 C:/Users/carre/bookready/api/vendor/laravel/framework/src/Illuminate/Routing/Route.php(212): Illuminate/Routing/Route->runController()
#9 C:/Users/carre/bookready/api/vendor/laravel/framework/src/Illuminate/Routing/Router.php(808): Illuminate/Routing/Route->run()
#10 C:/Users/carre/bookready/api/vendor/laravel/framework/src/Illuminate/Pipeline/Pipeline.php(170): Illuminate/Routing/Router->{closure:Illuminate/Routing/Router::runRouteWithinStack():807}()
#11 C:/Users/carre/bookready/api/vendor/laravel/framework/src/Illuminate/Routing/Middleware/SubstituteBindings.php(51): Illuminate/Pipeline/Pipeline->{closure:Illuminate/Pipeline/Pipeline::prepareDestination():168}()
#12 C:/Users/carre/bookready/api/vendor/laravel/framework/src/Illuminate/Pipeline/Pipeline.php(209): Illuminate/Routing/Middleware/SubstituteBindings->handle()
#13 C:/Users/carre/bookready/api/vendor/laravel/framework/src/Illuminate/Pipeline/Pipeline.php(127): Illuminate/Pipeline/Pipeline->{closure:{closure:Illuminate/Pipeline/Pipeline::carry():184}:185}()
#14 C:/Users/carre/bookready/api/vendor/laravel/framework/src/Illuminate/Routing/Router.php(807): Illuminate/Pipeline/Pipeline->then()
#15 C:/Users/carre/bookready/api/vendor/laravel/framework/src/Illuminate/Routing/Router.php(786): Illuminate/Routing/Router->runRouteWithinStack()
#16 C:/Users/carre/bookready/api/vendor/laravel/framework/src/Illuminate/Routing/Router.php(750): Illuminate/Routing/Router->runRoute()
#17 C:/Users/carre/bookready/api/vendor/laravel/framework/src/Illuminate/Routing/Router.php(739): Illuminate/Routing/Router->dispatchToRoute()
#18 C:/Users/carre/bookready/api/vendor/laravel/framework/src/Illuminate/Foundation/Http/Kernel.php(201): Illuminate/Routing/Router->dispatch()
#19 C:/Users/carre/bookready/api/vendor/laravel/framework/src/Illuminate/Pipeline/Pipeline.php(170): Illuminate/Foundation/Http/Kernel->{closure:Illuminate/Foundation/Http/Kernel::dispatchToRouter():198}()
#20 C:/Users/carre/bookready/api/vendor/laravel/framework/src/Illuminate/Foundation/Http/Middleware/TransformsRequest.php(21): Illuminate/Pipeline/Pipeline->{closure:Illuminate/Pipeline/Pipeline::prepareDestination():168}()
#21 C:/Users/carre/bookready/api/vendor/laravel/framework/src/Illuminate/Foundation/Http/Middleware/ConvertEmptyStringsToNull.php(31): Illuminate/Foundation/Http/Middleware/TransformsRequest->handle()
#22 C:/Users/carre/bookready/api/vendor/laravel/framework/src/Illuminate/Pipeline/Pipeline.php(209): Illuminate/Foundation/Http/Middleware/ConvertEmptyStringsToNull->handle()
#23 C:/Users/carre/bookready/api/vendor/laravel/framework/src/Illuminate/Foundation/Http/Middleware/TransformsRequest.php(21): Illuminate/Pipeline/Pipeline->{closure:{closure:Illuminate/Pipeline/Pipeline::carry():184}:185}()
#24 C:/Users/carre/bookready/api/vendor/laravel/framework/src/Illuminate/Foundation/Http/Middleware/TrimStrings.php(51): Illuminate/Foundation/Http/Middleware/TransformsRequest->handle()
#25 C:/Users/carre/bookready/api/vendor/laravel/framework/src/Illuminate/Pipeline/Pipeline.php(209): Illuminate/Foundation/Http/Middleware/TrimStrings->handle()
#26 C:/Users/carre/bookready/api/vendor/laravel/framework/src/Illuminate/Http/Middleware/ValidatePostSize.php(27): Illuminate/Pipeline/Pipeline->{closure:{closure:Illuminate/Pipeline/Pipeline::carry():184}:185}()
#27 C:/Users/carre/bookready/api/vendor/laravel/framework/src/Illuminate/Pipeline/Pipeline.php(209): Illuminate/Http/Middleware/ValidatePostSize->handle()
#28 C:/Users/carre/bookready/api/vendor/laravel/framework/src/Illuminate/Foundation/Http/Middleware/PreventRequestsDuringMaintenance.php(110): Illuminate/Pipeline/Pipeline->{closure:{closure:Illuminate/Pipeline/Pipeline::carry():184}:185}()
#29 C:/Users/carre/bookready/api/vendor/laravel/framework/src/Illuminate/Pipeline/Pipeline.php(209): Illuminate/Foundation/Http/Middleware/PreventRequestsDuringMaintenance->handle()
#30 C:/Users/carre/bookready/api/vendor/laravel/framework/src/Illuminate/Http/Middleware/HandleCors.php(62): Illuminate/Pipeline/Pipeline->{closure:{closure:Illuminate/Pipeline/Pipeline::carry():184}:185}()
#31 C:/Users/carre/bookready/api/vendor/laravel/framework/src/Illuminate/Pipeline/Pipeline.php(209): Illuminate/Http/Middleware/HandleCors->handle()
#32 C:/Users/carre/bookready/api/vendor/laravel/framework/src/Illuminate/Http/Middleware/TrustProxies.php(58): Illuminate/Pipeline/Pipeline->{closure:{closure:Illuminate/Pipeline/Pipeline::carry():184}:185}()
#33 C:/Users/carre/bookready/api/vendor/laravel/framework/src/Illuminate/Pipeline/Pipeline.php(209): Illuminate/Http/Middleware/TrustProxies->handle()
#34 C:/Users/carre/bookready/api/vendor/laravel/framework/src/Illuminate/Foundation/Http/Middleware/InvokeDeferredCallbacks.php(22): Illuminate/Pipeline/Pipeline->{closure:{closure:Illuminate/Pipeline/Pipeline::carry():184}:185}()
#35 C:/Users/carre/bookready/api/vendor/laravel/framework/src/Illuminate/Pipeline/Pipeline.php(209): Illuminate/Foundation/Http/Middleware/InvokeDeferredCallbacks->handle()
#36 C:/Users/carre/bookready/api/vendor/laravel/framework/src/Illuminate/Pipeline/Pipeline.php(127): Illuminate/Pipeline/Pipeline->{closure:{closure:Illuminate/Pipeline/Pipeline::carry():184}:185}()
#37 C:/Users/carre/bookready/api/vendor/laravel/framework/src/Illuminate/Foundation/Http/Kernel.php(176): Illuminate/Pipeline/Pipeline->then()
#38 C:/Users/carre/bookready/api/vendor/laravel/framework/src/Illuminate/Foundation/Http/Kernel.php(145): Illuminate/Foundation/Http/Kernel->sendRequestThroughRouter()
#39 C:/Users/carre/bookready/api/vendor/laravel/framework/src/Illuminate/Foundation/Application.php(1220): Illuminate/Foundation/Http/Kernel->handle()
#40 C:/Users/carre/bookready/api/public/index.php(17): Illuminate/Foundation/Application->handleRequest()
#41 C:/Users/carre/bookready/api/server.php(13): require_once('...')
#42 {main}

[previous exception] [object] (PDOException(code: 23000): SQLSTATE[23000]: Integrity constraint violation: 1062 Duplicate entry '0' for key 'hours.hours_day_of_week_unique' at C:/Users/carre/bookready/api/vendor/laravel/framework/src/Illuminate/Database/MySqlConnection.php:53)
[stacktrace]
#0 C:/Users/carre/bookready/api/vendor/laravel/framework/src/Illuminate/Database/MySqlConnection.php(53): PDOStatement->execute()
#1 C:/Users/carre/bookready/api/vendor/laravel/framework/src/Illuminate/Database/Connection.php(812): Illuminate/Database/MySqlConnection->{closure:Illuminate/Database/MySqlConnection::insert():42}()
#2 C:/Users/carre/bookready/api/vendor/laravel/framework/src/Illuminate/Database/Connection.php(779): Illuminate/Database/Connection->runQueryCallback()
#3 C:/Users/carre/bookready/api/vendor/laravel/framework/src/Illuminate/Database/MySqlConnection.php(42): Illuminate/Database/Connection->run()
#4 C:/Users/carre/bookready/api/vendor/laravel/framework/src/Illuminate/Database/Query/Builder.php(3717): Illuminate/Database/MySqlConnection->insert()
#5 C:/Users/carre/bookready/api/app/Services/TenantProvisioningService.php(89): Illuminate/Database/Query/Builder->insert()
#6 C:/Users/carre/bookready/api/app/Services/TenantProvisioningService.php(56): App/Services/TenantProvisioningService->seedDefaults()
#7 C:/Users/carre/bookready/api/app/Http/Controllers/Api/Auth/RegisterController.php(26): App/Services/TenantProvisioningService->provision()
#8 C:/Users/carre/bookready/api/vendor/laravel/framework/src/Illuminate/Routing/ControllerDispatcher.php(47): App/Http/Controllers/Api/Auth/RegisterController->store()
#9 C:/Users/carre/bookready/api/vendor/laravel/framework/src/Illuminate/Routing/Route.php(266): Illuminate/Routing/ControllerDispatcher->dispatch()
#10 C:/Users/carre/bookready/api/vendor/laravel/framework/src/Illuminate/Routing/Route.php(212): Illuminate/Routing/Route->runController()
#11 C:/Users/carre/bookready/api/vendor/laravel/framework/src/Illuminate/Routing/Router.php(808): Illuminate/Routing/Route->run()
#12 C:/Users/carre/bookready/api/vendor/laravel/framework/src/Illuminate/Pipeline/Pipeline.php(170): Illuminate/Routing/Router->{closure:Illuminate/Routing/Router::runRouteWithinStack():807}()
#13 C:/Users/carre/bookready/api/vendor/laravel/framework/src/Illuminate/Routing/Middleware/SubstituteBindings.php(51): Illuminate/Pipeline/Pipeline->{closure:Illuminate/Pipeline/Pipeline::prepareDestination():168}()
#14 C:/Users/carre/bookready/api/vendor/laravel/framework/src/Illuminate/Pipeline/Pipeline.php(209): Illuminate/Routing/Middleware/SubstituteBindings->handle()
#15 C:/Users/carre/bookready/api/vendor/laravel/framework/src/Illuminate/Pipeline/Pipeline.php(127): Illuminate/Pipeline/Pipeline->{closure:{closure:Illuminate/Pipeline/Pipeline::carry():184}:185}()
#16 C:/Users/carre/bookready/api/vendor/laravel/framework/src/Illuminate/Routing/Router.php(807): Illuminate/Pipeline/Pipeline->then()
#17 C:/Users/carre/bookready/api/vendor/laravel/framework/src/Illuminate/Routing/Router.php(786): Illuminate/Routing/Router->runRouteWithinStack()
#18 C:/Users/carre/bookready/api/vendor/laravel/framework/src/Illuminate/Routing/Router.php(750): Illuminate/Routing/Router->runRoute()
#19 C:/Users/carre/bookready/api/vendor/laravel/framework/src/Illuminate/Routing/Router.php(739): Illuminate/Routing/Router->dispatchToRoute()
#20 C:/Users/carre/bookready/api/vendor/laravel/framework/src/Illuminate/Foundation/Http/Kernel.php(201): Illuminate/Routing/Router->dispatch()
#21 C:/Users/carre/bookready/api/vendor/laravel/framework/src/Illuminate/Pipeline/Pipeline.php(170): Illuminate/Foundation/Http/Kernel->{closure:Illuminate/Foundation/Http/Kernel::dispatchToRouter():198}()
#22 C:/Users/carre/bookready/api/vendor/laravel/framework/src/Illuminate/Foundation/Http/Middleware/TransformsRequest.php(21): Illuminate/Pipeline/Pipeline->{closure:Illuminate/Pipeline/Pipeline::prepareDestination():168}()
#23 C:/Users/carre/bookready/api/vendor/laravel/framework/src/Illuminate/Foundation/Http/Middleware/ConvertEmptyStringsToNull.php(31): Illuminate/Foundation/Http/Middleware/TransformsRequest->handle()
#24 C:/Users/carre/bookready/api/vendor/laravel/framework/src/Illuminate/Pipeline/Pipeline.php(209): Illuminate/Foundation/Http/Middleware/ConvertEmptyStringsToNull->handle()
#25 C:/Users/carre/bookready/api/vendor/laravel/framework/src/Illuminate/Foundation/Http/Middleware/TransformsRequest.php(21): Illuminate/Pipeline/Pipeline->{closure:{closure:Illuminate/Pipeline/Pipeline::carry():184}:185}()
#26 C:/Users/carre/bookready/api/vendor/laravel/framework/src/Illuminate/Foundation/Http/Middleware/TrimStrings.php(51): Illuminate/Foundation/Http/Middleware/TransformsRequest->handle()
#27 C:/Users/carre/bookready/api/vendor/laravel/framework/src/Illuminate/Pipeline/Pipeline.php(209): Illuminate/Foundation/Http/Middleware/TrimStrings->handle()
#28 C:/Users/carre/bookready/api/vendor/laravel/framework/src/Illuminate/Http/Middleware/ValidatePostSize.php(27): Illuminate/Pipeline/Pipeline->{closure:{closure:Illuminate/Pipeline/Pipeline::carry():184}:185}()
#29 C:/Users/carre/bookready/api/vendor/laravel/framework/src/Illuminate/Pipeline/Pipeline.php(209): Illuminate/Http/Middleware/ValidatePostSize->handle()
#30 C:/Users/carre/bookready/api/vendor/laravel/framework/src/Illuminate/Foundation/Http/Middleware/PreventRequestsDuringMaintenance.php(110): Illuminate/Pipeline/Pipeline->{closure:{closure:Illuminate/Pipeline/Pipeline::carry():184}:185}()
#31 C:/Users/carre/bookready/api/vendor/laravel/framework/src/Illuminate/Pipeline/Pipeline.php(209): Illuminate/Foundation/Http/Middleware/PreventRequestsDuringMaintenance->handle()
#32 C:/Users/carre/bookready/api/vendor/laravel/framework/src/Illuminate/Http/Middleware/HandleCors.php(62): Illuminate/Pipeline/Pipeline->{closure:{closure:Illuminate/Pipeline/Pipeline::carry():184}:185}()
#33 C:/Users/carre/bookready/api/vendor/laravel/framework/src/Illuminate/Pipeline/Pipeline.php(209): Illuminate/Http/Middleware/HandleCors->handle()
#34 C:/Users/carre/bookready/api/vendor/laravel/framework/src/Illuminate/Http/Middleware/TrustProxies.php(58): Illuminate/Pipeline/Pipeline->{closure:{closure:Illuminate/Pipeline/Pipeline::carry():184}:185}()
#35 C:/Users/carre/bookready/api/vendor/laravel/framework/src/Illuminate/Pipeline/Pipeline.php(209): Illuminate/Http/Middleware/TrustProxies->handle()
#36 C:/Users/carre/bookready/api/vendor/laravel/framework/src/Illuminate/Foundation/Http/Middleware/InvokeDeferredCallbacks.php(22): Illuminate/Pipeline/Pipeline->{closure:{closure:Illuminate/Pipeline/Pipeline::carry():184}:185}()
#37 C:/Users/carre/bookready/api/vendor/laravel/framework/src/Illuminate/Pipeline/Pipeline.php(209): Illuminate/Foundation/Http/Middleware/InvokeDeferredCallbacks->handle()
#38 C:/Users/carre/bookready/api/vendor/laravel/framework/src/Illuminate/Pipeline/Pipeline.php(127): Illuminate/Pipeline/Pipeline->{closure:{closure:Illuminate/Pipeline/Pipeline::carry():184}:185}()
#39 C:/Users/carre/bookready/api/vendor/laravel/framework/src/Illuminate/Foundation/Http/Kernel.php(176): Illuminate/Pipeline/Pipeline->then()
#40 C:/Users/carre/bookready/api/vendor/laravel/framework/src/Illuminate/Foundation/Http/Kernel.php(145): Illuminate/Foundation/Http/Kernel->sendRequestThroughRouter()
#41 C:/Users/carre/bookready/api/vendor/laravel/framework/src/Illuminate/Foundation/Application.php(1220): Illuminate/Foundation/Http/Kernel->handle()
#42 C:/Users/carre/bookready/api/public/index.php(17): Illuminate/Foundation/Application->handleRequest()
#43 C:/Users/carre/bookready/api/server.php(13): require_once('...')
#44 {main}
"} 
[2026-05-19 03:51:57] local.ERROR: SQLSTATE[42S02]: Base table or view not found: 1146 Table 'tenant_the-fade-room.hours' doesn't exist {"exception":"[object] (PDOException(code: 42S02): SQLSTATE[42S02]: Base table or view not found: 1146 Table 'tenant_the-fade-room.hours' doesn't exist at C:/Users/carre/bookready/api/dbcheck.php:12)
[stacktrace]
#0 C:/Users/carre/bookready/api/dbcheck.php(12): PDO->query()
#1 {main}
"} 
[2026-05-19 04:00:41] local.ERROR: SQLSTATE[42S02]: Base table or view not found: 1146 Table 'tenant_the-fade-room.hours' doesn't exist {"exception":"[object] (PDOException(code: 42S02): SQLSTATE[42S02]: Base table or view not found: 1146 Table 'tenant_the-fade-room.hours' doesn't exist at C:/Users/carre/bookready/api/dbcheck.php:12)
[stacktrace]
#0 C:/Users/carre/bookready/api/dbcheck.php(12): PDO->query()
#1 {main}
"} 
[2026-05-19 04:08:39] local.ERROR: Class "Redis" not found {"exception":"[object] (Error(code: 0): Class \"Redis\" not found at C:/Users/carre/bookready/api/vendor/stancl/tenancy/src/Bootstrappers/RedisTenancyBootstrapper.php:31)
[stacktrace]
#0 C:/Users/carre/bookready/api/vendor/stancl/tenancy/src/Listeners/BootstrapTenancy.php(18): Stancl/Tenancy/Bootstrappers/RedisTenancyBootstrapper->bootstrap()
#1 C:/Users/carre/bookready/api/vendor/laravel/framework/src/Illuminate/Events/Dispatcher.php(479): Stancl/Tenancy/Listeners/BootstrapTenancy->handle()
#2 C:/Users/carre/bookready/api/vendor/laravel/framework/src/Illuminate/Events/Dispatcher.php(287): Illuminate/Events/Dispatcher->{closure:Illuminate/Events/Dispatcher::createClassListener():472}()
#3 C:/Users/carre/bookready/api/vendor/laravel/framework/src/Illuminate/Events/Dispatcher.php(267): Illuminate/Events/Dispatcher->invokeListeners()
#4 C:/Users/carre/bookready/api/vendor/laravel/framework/src/Illuminate/Foundation/helpers.php(473): Illuminate/Events/Dispatcher->dispatch()
#5 C:/Users/carre/bookready/api/vendor/stancl/tenancy/src/Tenancy.php(58): event()
#6 C:/Users/carre/bookready/api/check_tenant_db.php(29): Stancl/Tenancy/Tenancy->initialize()
#7 {main}
"} 
